<?xml version="1.0" encoding="UTF-8" ?>
<testsuite failures="0" time="314.317" errors="0" skipped="8" tests="13" name="TestSuite">
  <properties>
[...]
</properties>
  <testcase time="229.716" classname="com.canopy.framework.datadriven.MarketPlaceSuite.LoginTest" name="loginTest"/>
  <testcase time="0.75" classname="com.canopy.framework.datadriven.MarketPlaceSuite.LoginTest" name="loginTest">
    <skipped/>
    <system-out>MarketPlaceSuite
</system-out>
  </testcase>
  <testcase time="0.55" classname="com.canopy.framework.datadriven.MarketPlaceSuite.LoginTest" name="loginTest">
    <skipped/>
    <system-out>MarketPlaceSuite
</system-out>
  </testcase>
  <testcase time="80.287" classname="com.canopy.framework.datadriven.MarketPlaceSuite.Test2" name="test2"/>
  <testcase time="0.484" classname="com.canopy.framework.datadriven.MarketPlaceSuite.Test2" name="test2">
    <skipped/>
    <system-out>MarketPlaceSuite
</system-out>
  </testcase>
  <testcase time="0" classname="com.canopy.framework.datadriven.MarketPlaceSuite.Test3" name="test3"/>
  <testcase time="0.001" classname="com.canopy.framework.datadriven.MarketPlaceSuite.Test4" name="test4"/>
  <testcase time="0.001" classname="com.canopy.framework.datadriven.MarketPlaceSuite.Test5" name="test5"/>
  <testcase time="0.386" classname="com.canopy.framework.datadriven.suiteB.Test1" name="test1">
    <skipped/>
    <system-out>Total Rows - 29
Test Starts from row Number - 1
Total Rows of Data are - 3
MarketPlaceSuite
SuiteB
</system-out>
  </testcase>
  <testcase time="0.462" classname="com.canopy.framework.datadriven.suiteB.Test1" name="test1">
    <skipped/>
    <system-out>MarketPlaceSuite
SuiteB
</system-out>
  </testcase>
  <testcase time="0.48" classname="com.canopy.framework.datadriven.suiteB.Test1" name="test1">
    <skipped/>
    <system-out>MarketPlaceSuite
SuiteB
</system-out>
  </testcase>
  <testcase time="0.45" classname="com.canopy.framework.datadriven.suiteB.Test2" name="test2">
    <skipped/>
    <system-out>Total Rows - 29
Test Starts from row Number - 7
Total Rows of Data are - 2
MarketPlaceSuite
SuiteB
</system-out>
  </testcase>
  <testcase time="0.75" classname="com.canopy.framework.datadriven.suiteB.Test2" name="test2">
    <skipped/>
    <system-out>MarketPlaceSuite
SuiteB
</system-out>
  </testcase>
</testsuite>